2023-11-14 13:50:19,114 [restartedMain]  INFO [com.assembble.gc.GcApplication:55] Starting GcApplication using Java 1.8.0_202 on DESKTOP-R6OMO2A with PID 19196 (C:\Users\이정호\Documents\project\gc\build\classes\java\main started by leejeongho in C:\Users\이정호\Documents\project\gc)
2023-11-14 13:50:19,118 [restartedMain]  INFO [com.assembble.gc.GcApplication:660] No active profile set, falling back to default profiles: default
2023-11-14 13:50:19,161 [restartedMain]  INFO [org.springframework.boot.devtools.restart.ChangeableUrls:255] The Class-Path manifest attribute in C:\Users\이정호\.gradle\caches\modules-2\files-2.1\org.glassfish.jaxb\jaxb-runtime\2.3.2\5528bc882ea499a09d720b42af11785c4fc6be2a\jaxb-runtime-2.3.2.jar referenced one or more files that do not exist: file:/C:/Users/%ec%9d%b4%ec%a0%95%ed%98%b8/.gradle/caches/modules-2/files-2.1/org.glassfish.jaxb/jaxb-runtime/2.3.2/5528bc882ea499a09d720b42af11785c4fc6be2a/jakarta.xml.bind-api-2.3.2.jar,file:/C:/Users/%ec%9d%b4%ec%a0%95%ed%98%b8/.gradle/caches/modules-2/files-2.1/org.glassfish.jaxb/jaxb-runtime/2.3.2/5528bc882ea499a09d720b42af11785c4fc6be2a/txw2-2.3.2.jar,file:/C:/Users/%ec%9d%b4%ec%a0%95%ed%98%b8/.gradle/caches/modules-2/files-2.1/org.glassfish.jaxb/jaxb-runtime/2.3.2/5528bc882ea499a09d720b42af11785c4fc6be2a/istack-commons-runtime-3.0.8.jar,file:/C:/Users/%ec%9d%b4%ec%a0%95%ed%98%b8/.gradle/caches/modules-2/files-2.1/org.glassfish.jaxb/jaxb-runtime/2.3.2/5528bc882ea499a09d720b42af11785c4fc6be2a/stax-ex-1.8.1.jar,file:/C:/Users/%ec%9d%b4%ec%a0%95%ed%98%b8/.gradle/caches/modules-2/files-2.1/org.glassfish.jaxb/jaxb-runtime/2.3.2/5528bc882ea499a09d720b42af11785c4fc6be2a/FastInfoset-1.2.16.jar,file:/C:/Users/%ec%9d%b4%ec%a0%95%ed%98%b8/.gradle/caches/modules-2/files-2.1/org.glassfish.jaxb/jaxb-runtime/2.3.2/5528bc882ea499a09d720b42af11785c4fc6be2a/jakarta.activation-api-1.2.1.jar
2023-11-14 13:50:19,162 [restartedMain]  INFO [org.springframework.boot.devtools.env.DevToolsPropertyDefaultsPostProcessor:255] Devtools property defaults active! Set 'spring.devtools.add-properties' to 'false' to disable
2023-11-14 13:50:19,162 [restartedMain]  INFO [org.springframework.boot.devtools.env.DevToolsPropertyDefaultsPostProcessor:255] For additional web related logging consider setting the 'logging.level.web' property to 'DEBUG'
2023-11-14 13:50:20,720 [restartedMain]  INFO [org.springframework.boot.web.embedded.tomcat.TomcatWebServer:108] Tomcat initialized with port(s): 8080 (http)
2023-11-14 13:50:20,729 [restartedMain]  INFO [org.apache.catalina.core.StandardService:173] Starting service [Tomcat]
2023-11-14 13:50:20,730 [restartedMain]  INFO [org.apache.catalina.core.StandardEngine:173] Starting Servlet engine: [Apache Tomcat/9.0.43]
2023-11-14 13:50:20,818 [restartedMain]  INFO [org.apache.catalina.core.ContainerBase.[Tomcat].[localhost].[/]:173] Initializing Spring embedded WebApplicationContext
2023-11-14 13:50:20,818 [restartedMain]  INFO [org.springframework.boot.web.servlet.context.ServletWebServerApplicationContext:289] Root WebApplicationContext: initialization completed in 1656 ms
2023-11-14 13:50:21,357 [restartedMain]  INFO [org.springframework.boot.autoconfigure.security.servlet.UserDetailsServiceAutoConfiguration:86] 

Using generated security password: 4f73b042-bc84-4057-98a2-8cb468eab647

2023-11-14 13:50:21,418 [restartedMain]  INFO [org.springframework.security.web.DefaultSecurityFilterChain:51] Will secure Ant [pattern='/css/**'] with []
2023-11-14 13:50:21,419 [restartedMain]  INFO [org.springframework.security.web.DefaultSecurityFilterChain:51] Will secure Ant [pattern='/vendor/**'] with []
2023-11-14 13:50:21,419 [restartedMain]  INFO [org.springframework.security.web.DefaultSecurityFilterChain:51] Will secure Ant [pattern='/js/**'] with []
2023-11-14 13:50:21,420 [restartedMain]  INFO [org.springframework.security.web.DefaultSecurityFilterChain:51] Will secure Ant [pattern='/images/**'] with []
2023-11-14 13:50:21,452 [restartedMain]  INFO [org.springframework.security.web.DefaultSecurityFilterChain:51] Will secure any request with [org.springframework.security.web.context.request.async.WebAsyncManagerIntegrationFilter@41ce31ad, org.springframework.security.web.context.SecurityContextPersistenceFilter@52692a8a, org.springframework.security.web.header.HeaderWriterFilter@2fb81dec, org.springframework.security.web.authentication.logout.LogoutFilter@69ea0ca5, org.springframework.security.web.savedrequest.RequestCacheAwareFilter@a4a1455, org.springframework.security.web.servletapi.SecurityContextHolderAwareRequestFilter@4257a271, org.springframework.security.web.authentication.AnonymousAuthenticationFilter@4973c82e, org.springframework.security.web.session.SessionManagementFilter@34406869, org.springframework.security.web.access.ExceptionTranslationFilter@66950ab4, org.springframework.security.web.access.intercept.FilterSecurityInterceptor@7550fc64]
2023-11-14 13:50:21,551 [restartedMain]  INFO [org.springframework.scheduling.concurrent.ThreadPoolTaskExecutor:181] Initializing ExecutorService 'applicationTaskExecutor'
2023-11-14 13:50:21,831 [restartedMain]  INFO [org.springframework.boot.devtools.autoconfigure.OptionalLiveReloadServer:58] LiveReload server is running on port 35729
2023-11-14 13:50:21,874 [restartedMain]  INFO [org.springframework.boot.web.embedded.tomcat.TomcatWebServer:220] Tomcat started on port(s): 8080 (http) with context path ''
2023-11-14 13:50:21,888 [restartedMain]  INFO [com.assembble.gc.GcApplication:61] Started GcApplication in 3.189 seconds (JVM running for 3.601)
2023-11-14 13:50:28,785 [http-nio-8080-exec-1]  INFO [org.apache.catalina.core.ContainerBase.[Tomcat].[localhost].[/]:173] Initializing Spring DispatcherServlet 'dispatcherServlet'
2023-11-14 13:50:28,787 [http-nio-8080-exec-1]  INFO [org.springframework.web.servlet.DispatcherServlet:525] Initializing Servlet 'dispatcherServlet'
2023-11-14 13:50:28,788 [http-nio-8080-exec-1]  INFO [org.springframework.web.servlet.DispatcherServlet:547] Completed initialization in 1 ms
2023-11-14 13:50:28,865 [http-nio-8080-exec-1]  INFO [com.zaxxer.hikari.HikariDataSource:110] HikariPool-1 - Starting...
2023-11-14 13:50:28,935 [http-nio-8080-exec-1]  INFO [com.zaxxer.hikari.HikariDataSource:123] HikariPool-1 - Start completed.
2023-11-14 13:50:29,657 [http-nio-8080-exec-1]  INFO [com.assembble.gc.controller.AccountController:55] cleareyJ0eXAiOiJKV1QiLCJhbGciOiJIUzI1NiJ9.eyJpZCI6IjIiLCJleHAiOjE2OTk5Mzc3Mjl9.1MRSY8j2MAromrRM3Qeo7XBrNtkeJ_-O8Q_tP6SwIC0
